<?xml version="1.0" encoding="UTF-8"?>
<Site BuildName="(empty)"
	BuildStamp="20240828-1702-Experimental"
	Name="slambot-desktop"
	Generator="ctest-3.28.3"
	CompilerName="/usr/bin/c++"
	CompilerVersion="13.2.0"
	OSName="Linux"
	Hostname="slambot-desktop"
	OSRelease="6.8.0-1008-raspi"
	OSVersion="#8-Ubuntu SMP PREEMPT_DYNAMIC Tue Jul 16 19:17:49 UTC 2024"
	OSPlatform="aarch64"
	Is64Bits="1"
	VendorString=""
	VendorID="Unknown Manufacturer"
	FamilyID="8"
	ModelID="0"
	ProcessorCacheSize="0"
	NumberOfLogicalCPU="4"
	NumberOfPhysicalCPU="1"
	TotalVirtualMemory="1023"
	TotalPhysicalMemory="7942"
	LogicalProcessorsPerPhysical="4"
	ProcessorClockFrequency="0"
	>
	<Testing>
		<StartDateTime>Aug 28 20:02 EAT</StartDateTime>
		<StartTestTime>1724864566</StartTestTime>
		<TestList/>
		<EndDateTime>Aug 28 20:02 EAT</EndDateTime>
		<EndTestTime>1724864566</EndTestTime>
		<ElapsedMinutes>0</ElapsedMinutes>
	</Testing>
</Site>
